2024-06-02T00:55:33.398+02:00  INFO 14280 --- [phone-shop-m] [main] c.p.s.PhoneShopMApplicationTests         : Starting PhoneShopMApplicationTests using Java 17.0.11 with PID 14280 (started by Morena in D:\spring\phone-shop-m)
2024-06-02T00:55:33.416+02:00  INFO 14280 --- [phone-shop-m] [main] c.p.s.PhoneShopMApplicationTests         : No active profile set, falling back to 1 default profile: "default"
2024-06-02T00:55:34.558+02:00  INFO 14280 --- [phone-shop-m] [main] .s.d.r.c.RepositoryConfigurationDelegate : Bootstrapping Spring Data JPA repositories in DEFAULT mode.
2024-06-02T00:55:34.629+02:00  INFO 14280 --- [phone-shop-m] [main] .s.d.r.c.RepositoryConfigurationDelegate : Finished Spring Data repository scanning in 61 ms. Found 4 JPA repository interfaces.
2024-06-02T00:55:35.121+02:00  WARN 14280 --- [phone-shop-m] [main] trationDelegate$BeanPostProcessorChecker : Bean 'org.springframework.ws.config.annotation.DelegatingWsConfiguration' of type [org.springframework.ws.config.annotation.DelegatingWsConfiguration$$SpringCGLIB$$0] is not eligible for getting processed by all BeanPostProcessors (for example: not eligible for auto-proxying). The currently created BeanPostProcessor [annotationActionEndpointMapping] is declared through a non-static factory method on that class; consider declaring it as static instead.
2024-06-02T00:55:35.149+02:00  INFO 14280 --- [phone-shop-m] [main] .w.s.a.s.AnnotationActionEndpointMapping : Supporting [WS-Addressing August 2004, WS-Addressing 1.0]
2024-06-02T00:55:35.628+02:00  INFO 14280 --- [phone-shop-m] [main] o.s.b.w.e.t.TomcatWebServer              : Tomcat initialized with port 0 (http)
2024-06-02T00:55:35.647+02:00  INFO 14280 --- [phone-shop-m] [main] o.a.c.c.StandardService                  : Starting service [Tomcat]
2024-06-02T00:55:35.647+02:00  INFO 14280 --- [phone-shop-m] [main] o.a.c.c.StandardEngine                   : Starting Servlet engine: [Apache Tomcat/10.1.24]
2024-06-02T00:55:35.750+02:00  INFO 14280 --- [phone-shop-m] [main] o.a.c.c.C.[.[.[/]                        : Initializing Spring embedded WebApplicationContext
2024-06-02T00:55:35.754+02:00  INFO 14280 --- [phone-shop-m] [main] w.s.c.ServletWebServerApplicationContext : Root WebApplicationContext: initialization completed in 2312 ms
2024-06-02T00:55:35.807+02:00  INFO 14280 --- [phone-shop-m] [main] c.z.h.HikariDataSource                   : phonedb - Starting...
2024-06-02T00:55:36.031+02:00  INFO 14280 --- [phone-shop-m] [main] c.z.h.p.HikariPool                       : phonedb - Added connection conn0: url=jdbc:h2:mem:phonedb user=SA
2024-06-02T00:55:36.033+02:00  INFO 14280 --- [phone-shop-m] [main] c.z.h.HikariDataSource                   : phonedb - Start completed.
2024-06-02T00:55:36.047+02:00  INFO 14280 --- [phone-shop-m] [main] o.s.b.a.h.H2ConsoleAutoConfiguration     : H2 console available at '/h2-console'. Database available at 'jdbc:h2:mem:phonedb'
2024-06-02T00:55:36.767+02:00  INFO 14280 --- [phone-shop-m] [main] o.s.o.j.p.SpringPersistenceUnitInfo      : No LoadTimeWeaver setup: ignoring JPA class transformer
2024-06-02T00:55:38.142+02:00  INFO 14280 --- [phone-shop-m] [main] j.LocalContainerEntityManagerFactoryBean : Initialized JPA EntityManagerFactory for persistence unit 'default'
2024-06-02T00:55:38.489+02:00  INFO 14280 --- [phone-shop-m] [main] o.s.d.j.r.q.QueryEnhancerFactory         : Hibernate is in classpath; If applicable, HQL parser will be used.
2024-06-02T00:55:38.666+02:00  INFO 14280 --- [phone-shop-m] [main] r$InitializeUserDetailsManagerConfigurer : Global AuthenticationManager configured with UserDetailsService bean with name userService
2024-06-02T00:55:38.825+02:00  WARN 14280 --- [phone-shop-m] [main] JpaBaseConfiguration$JpaWebConfiguration : spring.jpa.open-in-view is enabled by default. Therefore, database queries may be performed during view rendering. Explicitly configure spring.jpa.open-in-view to disable this warning
2024-06-02T00:55:39.490+02:00  INFO 14280 --- [phone-shop-m] [main] o.s.s.w.DefaultSecurityFilterChain       : Will secure any request with [org.springframework.security.web.session.DisableEncodeUrlFilter@598b15ba, org.springframework.security.web.context.request.async.WebAsyncManagerIntegrationFilter@58453967, org.springframework.security.web.context.SecurityContextHolderFilter@2ba0b7cf, org.springframework.security.web.header.HeaderWriterFilter@59ea2a36, org.springframework.web.filter.CorsFilter@6f34d178, org.springframework.security.web.authentication.logout.LogoutFilter@5a1e28ee, org.springframework.security.web.savedrequest.RequestCacheAwareFilter@5ace5b0e, org.springframework.security.web.servletapi.SecurityContextHolderAwareRequestFilter@453d2a55, org.springframework.security.web.authentication.AnonymousAuthenticationFilter@75c8ba94, org.springframework.security.web.access.ExceptionTranslationFilter@3d8d926f, org.springframework.security.web.access.intercept.AuthorizationFilter@7b0f5814]
2024-06-02T00:55:40.083+02:00  INFO 14280 --- [phone-shop-m] [main] o.s.b.w.e.t.TomcatWebServer              : Tomcat started on port 10003 (http) with context path '/'
2024-06-02T00:55:40.096+02:00  INFO 14280 --- [phone-shop-m] [main] c.p.s.PhoneShopMApplicationTests         : Started PhoneShopMApplicationTests in 7.134 seconds (process running for 8.656)
2024-06-02T00:55:41.142+02:00  INFO 14280 --- [phone-shop-m] [http-nio-auto-1-exec-1] o.a.c.c.C.[.[.[/]                        : Initializing Spring DispatcherServlet 'dispatcherServlet'
2024-06-02T00:55:41.197+02:00  INFO 14280 --- [phone-shop-m] [http-nio-auto-1-exec-1] c.p.s.c.PhoneController                  : PhoneController.SearchForContracts for contract phones amount 300.0 
2024-06-02T00:55:41.532+02:00  INFO 14280 --- [phone-shop-m] [SpringApplicationShutdownHook] j.LocalContainerEntityManagerFactoryBean : Closing JPA EntityManagerFactory for persistence unit 'default'
2024-06-02T00:55:41.534+02:00 ERROR 14280 --- [phone-shop-m] [SpringApplicationShutdownHook] o.h.e.j.s.SqlExceptionHelper             : Database is already closed (to disable automatic closing at VM shutdown, add ";DB_CLOSE_ON_EXIT=FALSE" to the db URL) [90121-214]
2024-06-02T00:55:41.536+02:00 ERROR 14280 --- [phone-shop-m] [SpringApplicationShutdownHook] o.h.e.j.s.SqlExceptionHelper             : Database is already closed (to disable automatic closing at VM shutdown, add ";DB_CLOSE_ON_EXIT=FALSE" to the db URL) [90121-214]
2024-06-02T00:55:41.537+02:00  WARN 14280 --- [phone-shop-m] [SpringApplicationShutdownHook] o.s.b.f.s.DisposableBeanAdapter          : Invocation of destroy method failed on bean with name 'entityManagerFactory': org.hibernate.exception.JDBCConnectionException: Unable to release JDBC Connection used for DDL execution [Database is already closed (to disable automatic closing at VM shutdown, add ";DB_CLOSE_ON_EXIT=FALSE" to the db URL) [90121-214]] [n/a]
2024-06-02T00:55:41.538+02:00  INFO 14280 --- [phone-shop-m] [SpringApplicationShutdownHook] c.z.h.HikariDataSource                   : phonedb - Shutdown initiated...
2024-06-02T00:55:41.540+02:00  INFO 14280 --- [phone-shop-m] [SpringApplicationShutdownHook] c.z.h.HikariDataSource                   : phonedb - Shutdown completed.
2024-06-02T00:55:52.642+02:00  INFO 21520 --- [phone-shop-m] [main] c.p.s.PhoneShopMApplicationTests         : Starting PhoneShopMApplicationTests using Java 17.0.11 with PID 21520 (started by Morena in D:\spring\phone-shop-m)
2024-06-02T00:55:52.660+02:00  INFO 21520 --- [phone-shop-m] [main] c.p.s.PhoneShopMApplicationTests         : No active profile set, falling back to 1 default profile: "default"
2024-06-02T00:55:53.939+02:00  INFO 21520 --- [phone-shop-m] [main] .s.d.r.c.RepositoryConfigurationDelegate : Bootstrapping Spring Data JPA repositories in DEFAULT mode.
2024-06-02T00:55:54.010+02:00  INFO 21520 --- [phone-shop-m] [main] .s.d.r.c.RepositoryConfigurationDelegate : Finished Spring Data repository scanning in 59 ms. Found 4 JPA repository interfaces.
2024-06-02T00:55:54.533+02:00  WARN 21520 --- [phone-shop-m] [main] trationDelegate$BeanPostProcessorChecker : Bean 'org.springframework.ws.config.annotation.DelegatingWsConfiguration' of type [org.springframework.ws.config.annotation.DelegatingWsConfiguration$$SpringCGLIB$$0] is not eligible for getting processed by all BeanPostProcessors (for example: not eligible for auto-proxying). The currently created BeanPostProcessor [annotationActionEndpointMapping] is declared through a non-static factory method on that class; consider declaring it as static instead.
2024-06-02T00:55:54.562+02:00  INFO 21520 --- [phone-shop-m] [main] .w.s.a.s.AnnotationActionEndpointMapping : Supporting [WS-Addressing August 2004, WS-Addressing 1.0]
2024-06-02T00:55:55.022+02:00  INFO 21520 --- [phone-shop-m] [main] o.s.b.w.e.t.TomcatWebServer              : Tomcat initialized with port 0 (http)
2024-06-02T00:55:55.044+02:00  INFO 21520 --- [phone-shop-m] [main] o.a.c.c.StandardService                  : Starting service [Tomcat]
2024-06-02T00:55:55.045+02:00  INFO 21520 --- [phone-shop-m] [main] o.a.c.c.StandardEngine                   : Starting Servlet engine: [Apache Tomcat/10.1.24]
2024-06-02T00:55:55.186+02:00  INFO 21520 --- [phone-shop-m] [main] o.a.c.c.C.[.[.[/]                        : Initializing Spring embedded WebApplicationContext
2024-06-02T00:55:55.190+02:00  INFO 21520 --- [phone-shop-m] [main] w.s.c.ServletWebServerApplicationContext : Root WebApplicationContext: initialization completed in 2494 ms
2024-06-02T00:55:55.245+02:00  INFO 21520 --- [phone-shop-m] [main] c.z.h.HikariDataSource                   : phonedb - Starting...
2024-06-02T00:55:55.467+02:00  INFO 21520 --- [phone-shop-m] [main] c.z.h.p.HikariPool                       : phonedb - Added connection conn0: url=jdbc:h2:mem:phonedb user=SA
2024-06-02T00:55:55.470+02:00  INFO 21520 --- [phone-shop-m] [main] c.z.h.HikariDataSource                   : phonedb - Start completed.
2024-06-02T00:55:55.489+02:00  INFO 21520 --- [phone-shop-m] [main] o.s.b.a.h.H2ConsoleAutoConfiguration     : H2 console available at '/h2-console'. Database available at 'jdbc:h2:mem:phonedb'
2024-06-02T00:55:56.179+02:00  INFO 21520 --- [phone-shop-m] [main] o.s.o.j.p.SpringPersistenceUnitInfo      : No LoadTimeWeaver setup: ignoring JPA class transformer
2024-06-02T00:55:57.552+02:00  INFO 21520 --- [phone-shop-m] [main] j.LocalContainerEntityManagerFactoryBean : Initialized JPA EntityManagerFactory for persistence unit 'default'
2024-06-02T00:55:57.886+02:00  INFO 21520 --- [phone-shop-m] [main] o.s.d.j.r.q.QueryEnhancerFactory         : Hibernate is in classpath; If applicable, HQL parser will be used.
2024-06-02T00:55:58.067+02:00  INFO 21520 --- [phone-shop-m] [main] r$InitializeUserDetailsManagerConfigurer : Global AuthenticationManager configured with UserDetailsService bean with name userService
2024-06-02T00:55:58.226+02:00  WARN 21520 --- [phone-shop-m] [main] JpaBaseConfiguration$JpaWebConfiguration : spring.jpa.open-in-view is enabled by default. Therefore, database queries may be performed during view rendering. Explicitly configure spring.jpa.open-in-view to disable this warning
2024-06-02T00:55:59.002+02:00  INFO 21520 --- [phone-shop-m] [main] o.s.s.w.DefaultSecurityFilterChain       : Will secure any request with [org.springframework.security.web.session.DisableEncodeUrlFilter@268215b3, org.springframework.security.web.context.request.async.WebAsyncManagerIntegrationFilter@4e31229f, org.springframework.security.web.context.SecurityContextHolderFilter@518e9141, org.springframework.security.web.header.HeaderWriterFilter@9b87a98, org.springframework.web.filter.CorsFilter@6a4940e1, org.springframework.security.web.authentication.logout.LogoutFilter@1e0be005, org.springframework.security.web.savedrequest.RequestCacheAwareFilter@42018e32, org.springframework.security.web.servletapi.SecurityContextHolderAwareRequestFilter@64d128d0, org.springframework.security.web.authentication.AnonymousAuthenticationFilter@31330344, org.springframework.security.web.access.ExceptionTranslationFilter@6809a461, org.springframework.security.web.access.intercept.AuthorizationFilter@329b4814]
2024-06-02T00:55:59.607+02:00  INFO 21520 --- [phone-shop-m] [main] o.s.b.w.e.t.TomcatWebServer              : Tomcat started on port 10010 (http) with context path '/'
2024-06-02T00:55:59.622+02:00  INFO 21520 --- [phone-shop-m] [main] c.p.s.PhoneShopMApplicationTests         : Started PhoneShopMApplicationTests in 7.467 seconds (process running for 9.038)
2024-06-02T00:56:00.733+02:00  INFO 21520 --- [phone-shop-m] [http-nio-auto-1-exec-1] o.a.c.c.C.[.[.[/]                        : Initializing Spring DispatcherServlet 'dispatcherServlet'
2024-06-02T00:56:00.792+02:00  INFO 21520 --- [phone-shop-m] [http-nio-auto-1-exec-1] c.p.s.c.PhoneController                  : PhoneController.SearchForContracts for contract phones amount 300.0 
2024-06-02T00:56:01.104+02:00  INFO 21520 --- [phone-shop-m] [SpringApplicationShutdownHook] j.LocalContainerEntityManagerFactoryBean : Closing JPA EntityManagerFactory for persistence unit 'default'
2024-06-02T00:56:01.107+02:00 ERROR 21520 --- [phone-shop-m] [SpringApplicationShutdownHook] o.h.e.j.s.SqlExceptionHelper             : Database is already closed (to disable automatic closing at VM shutdown, add ";DB_CLOSE_ON_EXIT=FALSE" to the db URL) [90121-214]
2024-06-02T00:56:01.111+02:00 ERROR 21520 --- [phone-shop-m] [SpringApplicationShutdownHook] o.h.e.j.s.SqlExceptionHelper             : Database is already closed (to disable automatic closing at VM shutdown, add ";DB_CLOSE_ON_EXIT=FALSE" to the db URL) [90121-214]
2024-06-02T00:56:01.112+02:00  WARN 21520 --- [phone-shop-m] [SpringApplicationShutdownHook] o.s.b.f.s.DisposableBeanAdapter          : Invocation of destroy method failed on bean with name 'entityManagerFactory': org.hibernate.exception.JDBCConnectionException: Unable to release JDBC Connection used for DDL execution [Database is already closed (to disable automatic closing at VM shutdown, add ";DB_CLOSE_ON_EXIT=FALSE" to the db URL) [90121-214]] [n/a]
2024-06-02T00:56:01.113+02:00  INFO 21520 --- [phone-shop-m] [SpringApplicationShutdownHook] c.z.h.HikariDataSource                   : phonedb - Shutdown initiated...
2024-06-02T00:56:01.118+02:00  INFO 21520 --- [phone-shop-m] [SpringApplicationShutdownHook] c.z.h.HikariDataSource                   : phonedb - Shutdown completed.
